<?xml version="1.0" encoding="UTF-8"?>
<testng-results ignored="0" total="1" passed="1" failed="0" skipped="0">
  <reporter-output>
  </reporter-output>
  <suite started-at="2021-07-06T08:33:34 CDT" name="Surefire suite" finished-at="2021-07-06T08:33:35 CDT" duration-ms="526">
    <groups>
    </groups>
    <test started-at="2021-07-06T08:33:34 CDT" name="Surefire test" finished-at="2021-07-06T08:33:35 CDT" duration-ms="526">
      <class name="Cucumber.Automation.AppTest">
        <test-method signature="shouldAnswerWithTrue()" started-at="2021-07-06T08:33:34 CDT" name="shouldAnswerWithTrue" finished-at="2021-07-06T08:33:34 CDT" duration-ms="8" status="PASS">
          <reporter-output>
          </reporter-output>
        </test-method> <!-- shouldAnswerWithTrue -->
      </class> <!-- Cucumber.Automation.AppTest -->
    </test> <!-- Surefire test -->
  </suite> <!-- Surefire suite -->
</testng-results>
